<?xml version="1.0" encoding="UTF-8"?>
<testsuite name="database.PropertySalesDatabaseTest" tests="1" skipped="0" failures="0" errors="0" timestamp="2017-10-23T21:59:14" hostname="Georges-MBP" time="0.108">
  <properties/>
  <testcase name="testIReturnAValidResultWhenQueried" classname="database.PropertySalesDatabaseTest" time="0.108"/>
  <system-out><![CDATA[]]></system-out>
  <system-err><![CDATA[]]></system-err>
</testsuite>
