<?xml version="1.0" encoding="UTF-8"?>
<testsuite name="dao.PropertySaleDaoTest" tests="2" skipped="0" failures="0" errors="0" timestamp="2017-09-27T17:40:16" hostname="Georges-MBP" time="0.013">
  <properties/>
  <testcase name="testQuotesAreStripped" classname="dao.PropertySaleDaoTest" time="0.009"/>
  <testcase name="testICanFindPropertySalesByPostcode" classname="dao.PropertySaleDaoTest" time="0.003"/>
  <system-out><![CDATA[]]></system-out>
  <system-err><![CDATA[]]></system-err>
</testsuite>
